Using pre-set license
Built from '2020.2/release' branch; Version is '2020.2.2f1 (068178b99f32) revision 426360'; Using compiler version '192528614'; Build Type 'Release'
OS: 'Windows 10 Home; OS build 19041.867; Version 2004; 64bit' Language: 'en' Physical Memory: 16297 MB
BatchMode: 1, IsHumanControllingUs: 0, StartBugReporterOnCrash: 0, Is64bit: 1, IsPro: 0

 COMMAND LINE ARGUMENTS:
C:\Program Files\Unity\Hub\Editor\2020.2.2f1\Editor\Unity.exe
-adb2
-batchMode
-noUpm
-name
AssetImportWorker0
-projectPath
D:/GameSystem_1/death2/KillerWave/KillerWave
-logFile
Logs/AssetImportWorker0.log
-srvPort
59071
Successfully changed project path to: D:/GameSystem_1/death2/KillerWave/KillerWave
D:/GameSystem_1/death2/KillerWave/KillerWave
Using Asset Import Pipeline V2.
Refreshing native plugins compatible for Editor in 25.12 ms, found 0 plugins.
Preloading 0 native plugins for Editor in 0.00 ms.
Initialize engine version: 2020.2.2f1 (068178b99f32)
[Subsystems] Discovering subsystems at path C:/Program Files/Unity/Hub/Editor/2020.2.2f1/Editor/Data/Resources/UnitySubsystems
[Subsystems] Discovering subsystems at path D:/GameSystem_1/death2/KillerWave/KillerWave/Assets
GfxDevice: creating device client; threaded=0
Direct3D:
    Version:  Direct3D 11.0 [level 11.1]
    Renderer: NVIDIA GeForce RTX 2080 SUPER (ID=0x1e81)
    Vendor:   
    VRAM:     8010 MB
    Driver:   27.21.14.5671
Initialize mono
Mono path[0] = 'C:/Program Files/Unity/Hub/Editor/2020.2.2f1/Editor/Data/Managed'
Mono path[1] = 'C:/Program Files/Unity/Hub/Editor/2020.2.2f1/Editor/Data/MonoBleedingEdge/lib/mono/unityjit'
Mono config path = 'C:/Program Files/Unity/Hub/Editor/2020.2.2f1/Editor/Data/MonoBleedingEdge/etc'
Using monoOptions --debugger-agent=transport=dt_socket,embedding=1,server=y,suspend=n,address=127.0.0.1:56948
Begin MonoManager ReloadAssembly
Registering precompiled unity dll's ...
Register platform support module: C:/Program Files/Unity/Hub/Editor/2020.2.2f1/Editor/Data/PlaybackEngines/WebGLSupport/UnityEditor.WebGL.Extensions.dll
Register platform support module: C:/Program Files/Unity/Hub/Editor/2020.2.2f1/Editor/Data/PlaybackEngines/WindowsStandaloneSupport/UnityEditor.WindowsStandalone.Extensions.dll
Registered in 0.108575 seconds.
Native extension for WindowsStandalone target not found
Native extension for WebGL target not found
Refreshing native plugins compatible for Editor in 19.72 ms, found 0 plugins.
Preloading 0 native plugins for Editor in 0.00 ms.
Invoked RoslynAnalysisRunner static constructor.
RoslynAnalysisRunner will not be running.
RoslynAnalysisRunner has terminated.
Mono: successfully reloaded assembly
- Completed reload, in  2.676 seconds
Platform modules already initialized, skipping
Registering precompiled user dll's ...
Registered in 0.029515 seconds.
Begin MonoManager ReloadAssembly
Native extension for WindowsStandalone target not found
Native extension for WebGL target not found
Refreshing native plugins compatible for Editor in 0.19 ms, found 0 plugins.
Preloading 0 native plugins for Editor in 0.00 ms.
Invoked RoslynAnalysisRunner static constructor.
RoslynAnalysisRunner will not be running.
RoslynAnalysisRunner has terminated.
Mono: successfully reloaded assembly
- Completed reload, in  1.192 seconds
Platform modules already initialized, skipping
========================================================================
Worker process is ready to serve import requests
Launched and connected shader compiler UnityShaderCompiler.exe after 0.05 seconds
Refreshing native plugins compatible for Editor in 0.21 ms, found 0 plugins.
Preloading 0 native plugins for Editor in 0.00 ms.
Unloading 1107 Unused Serialized files (Serialized files now loaded: 0)
System memory in use before: 56.9 MB.
System memory in use after: 57.0 MB.

Unloading 9 unused Assets to reduce memory usage. Loaded Objects now: 1550.
Total: 1.607500 ms (FindLiveObjects: 0.132100 ms CreateObjectMapping: 0.024900 ms MarkObjects: 1.395700 ms  DeleteObjects: 0.053600 ms)

========================================================================
Received Import Request.
  path: Assets/Resources/Script/GameManager.cs
  artifactKey: Guid(b082ac96b48348a418a0ccaf1247f613) Importer(815301076,1909f56bfc062723c751e8b465ee728b)
Start importing Assets/Resources/Script/GameManager.cs using Guid(b082ac96b48348a418a0ccaf1247f613) Importer(815301076,1909f56bfc062723c751e8b465ee728b)  -> (artifact id: 'b8088a943a9cdd06549db4943214e304') in 0.401115 seconds
  Import took 0.402831 seconds .

========================================================================
Received Import Request.
  Time since last request: 1501.504319 seconds.
  path: Assets/Resources/Script/GameManager.cs
  artifactKey: Guid(b082ac96b48348a418a0ccaf1247f613) Importer(815301076,1909f56bfc062723c751e8b465ee728b)
Start importing Assets/Resources/Script/GameManager.cs using Guid(b082ac96b48348a418a0ccaf1247f613) Importer(815301076,1909f56bfc062723c751e8b465ee728b)  -> (artifact id: '9e39b5db8f77872205dbad56f065fb57') in 0.005767 seconds
  Import took 0.007533 seconds .

========================================================================
Received Import Request.
  Time since last request: 0.000527 seconds.
  path: Assets/Resources/Script/GameManager.cs
  artifactKey: Guid(b082ac96b48348a418a0ccaf1247f613) Importer(815301076,1909f56bfc062723c751e8b465ee728b)
Start importing Assets/Resources/Script/GameManager.cs using Guid(b082ac96b48348a418a0ccaf1247f613) Importer(815301076,1909f56bfc062723c751e8b465ee728b)  -> (artifact id: '9e39b5db8f77872205dbad56f065fb57') in 0.005371 seconds
  Import took 0.006794 seconds .

========================================================================
Received Prepare
Registering precompiled user dll's ...
Registered in 0.000442 seconds.
Begin MonoManager ReloadAssembly
Native extension for WindowsStandalone target not found
Native extension for WebGL target not found
Refreshing native plugins compatible for Editor in 0.19 ms, found 0 plugins.
Preloading 0 native plugins for Editor in 0.00 ms.
Invoked RoslynAnalysisRunner static constructor.
RoslynAnalysisRunner will not be running.
RoslynAnalysisRunner has terminated.
Mono: successfully reloaded assembly
- Completed reload, in  0.599 seconds
Platform modules already initialized, skipping
Refreshing native plugins compatible for Editor in 0.18 ms, found 0 plugins.
Preloading 0 native plugins for Editor in 0.00 ms.
Unloading 1101 Unused Serialized files (Serialized files now loaded: 0)
System memory in use before: 57.0 MB.
System memory in use after: 57.1 MB.

Unloading 4 unused Assets to reduce memory usage. Loaded Objects now: 1552.
Total: 1.437300 ms (FindLiveObjects: 0.117400 ms CreateObjectMapping: 0.023600 ms MarkObjects: 1.277900 ms  DeleteObjects: 0.017500 ms)

========================================================================
Received Import Request.
  Time since last request: 24.693718 seconds.
  path: Assets/Resources/Script
  artifactKey: Guid(2b65be2fd77a9d34191e97fed2334ac7) Importer(815301076,1909f56bfc062723c751e8b465ee728b)
Start importing Assets/Resources/Script using Guid(2b65be2fd77a9d34191e97fed2334ac7) Importer(815301076,1909f56bfc062723c751e8b465ee728b)  -> (artifact id: '3b61651f214548df7d820f1a7fb121f0') in 0.011330 seconds
  Import took 0.012966 seconds .

========================================================================
Received Import Request.
  Time since last request: 17.533519 seconds.
  path: Assets/Resources/Script/ScenesManager.cs
  artifactKey: Guid(e63a299ff91d4884d882d2704737d2d4) Importer(815301076,1909f56bfc062723c751e8b465ee728b)
Start importing Assets/Resources/Script/ScenesManager.cs using Guid(e63a299ff91d4884d882d2704737d2d4) Importer(815301076,1909f56bfc062723c751e8b465ee728b)  -> (artifact id: 'eddd5d5e06888bee2aa16903c441d400') in 0.008072 seconds
  Import took 0.010289 seconds .

========================================================================
Received Prepare
Registering precompiled user dll's ...
Registered in 0.000400 seconds.
Begin MonoManager ReloadAssembly
Native extension for WindowsStandalone target not found
Native extension for WebGL target not found
Refreshing native plugins compatible for Editor in 0.21 ms, found 0 plugins.
Preloading 0 native plugins for Editor in 0.00 ms.
Invoked RoslynAnalysisRunner static constructor.
RoslynAnalysisRunner will not be running.
RoslynAnalysisRunner has terminated.
Mono: successfully reloaded assembly
- Completed reload, in  0.590 seconds
Platform modules already initialized, skipping
Refreshing native plugins compatible for Editor in 0.19 ms, found 0 plugins.
Preloading 0 native plugins for Editor in 0.00 ms.
Unloading 1102 Unused Serialized files (Serialized files now loaded: 0)
System memory in use before: 57.2 MB.
System memory in use after: 57.3 MB.

Unloading 4 unused Assets to reduce memory usage. Loaded Objects now: 1555.
Total: 1.285000 ms (FindLiveObjects: 0.134800 ms CreateObjectMapping: 0.028000 ms MarkObjects: 1.112500 ms  DeleteObjects: 0.008900 ms)

========================================================================
Received Prepare
Registering precompiled user dll's ...
Registered in 0.000497 seconds.
Begin MonoManager ReloadAssembly
Native extension for WindowsStandalone target not found
Native extension for WebGL target not found
Refreshing native plugins compatible for Editor in 0.19 ms, found 0 plugins.
Preloading 0 native plugins for Editor in 0.00 ms.
Invoked RoslynAnalysisRunner static constructor.
RoslynAnalysisRunner will not be running.
RoslynAnalysisRunner has terminated.
Mono: successfully reloaded assembly
- Completed reload, in  0.588 seconds
Platform modules already initialized, skipping
Refreshing native plugins compatible for Editor in 0.18 ms, found 0 plugins.
Preloading 0 native plugins for Editor in 0.00 ms.
Unloading 1102 Unused Serialized files (Serialized files now loaded: 0)
System memory in use before: 57.4 MB.
System memory in use after: 57.5 MB.

Unloading 4 unused Assets to reduce memory usage. Loaded Objects now: 1557.
Total: 1.513600 ms (FindLiveObjects: 0.124500 ms CreateObjectMapping: 0.029200 ms MarkObjects: 1.346900 ms  DeleteObjects: 0.012200 ms)

========================================================================
Received Import Request.
  Time since last request: 43950.598716 seconds.
  path: Assets/Resources/Script/ScenesManager.cs
  artifactKey: Guid(e63a299ff91d4884d882d2704737d2d4) Importer(815301076,1909f56bfc062723c751e8b465ee728b)
Start importing Assets/Resources/Script/ScenesManager.cs using Guid(e63a299ff91d4884d882d2704737d2d4) Importer(815301076,1909f56bfc062723c751e8b465ee728b)  -> (artifact id: '44d145c7e6e6c1bfa3a53b245d9852d4') in 0.011691 seconds
  Import took 0.013351 seconds .

========================================================================
Received Import Request.
  Time since last request: 1.972966 seconds.
  path: Assets/Resources/Scene
  artifactKey: Guid(038d7b3b81b223640bb6db1ac72ce802) Importer(815301076,1909f56bfc062723c751e8b465ee728b)
Start importing Assets/Resources/Scene using Guid(038d7b3b81b223640bb6db1ac72ce802) Importer(815301076,1909f56bfc062723c751e8b465ee728b)  -> (artifact id: '387f0f44678c8911560b9faa11a4bf11') in 0.008468 seconds
  Import took 0.010111 seconds .

========================================================================
Received Import Request.
  Time since last request: 33.914612 seconds.
  path: Assets/Resources/Scene/bootUp.unity
  artifactKey: Guid(b0d498c0b92cdd448ada5081d04ae98c) Importer(815301076,1909f56bfc062723c751e8b465ee728b)
Start importing Assets/Resources/Scene/bootUp.unity using Guid(b0d498c0b92cdd448ada5081d04ae98c) Importer(815301076,1909f56bfc062723c751e8b465ee728b)  -> (artifact id: '8b29b6273eaf9c74b3524d34f4eabd03') in 0.014414 seconds
  Import took 0.016024 seconds .

========================================================================
Received Import Request.
  Time since last request: 2.011517 seconds.
  path: Assets/Resources/Scene/bootUp.unity
  artifactKey: Guid(b0d498c0b92cdd448ada5081d04ae98c) Importer(815301076,1909f56bfc062723c751e8b465ee728b)
Start importing Assets/Resources/Scene/bootUp.unity using Guid(b0d498c0b92cdd448ada5081d04ae98c) Importer(815301076,1909f56bfc062723c751e8b465ee728b)  -> (artifact id: '8b29b6273eaf9c74b3524d34f4eabd03') in 0.008775 seconds
  Import took 0.010641 seconds .

========================================================================
Received Import Request.
  Time since last request: 4.818216 seconds.
  path: Assets/Resources/Scene/title.unity
  artifactKey: Guid(7cc2a181febb64747a7386f5125cf566) Importer(815301076,1909f56bfc062723c751e8b465ee728b)
Start importing Assets/Resources/Scene/title.unity using Guid(7cc2a181febb64747a7386f5125cf566) Importer(815301076,1909f56bfc062723c751e8b465ee728b)  -> (artifact id: '18454bb7d4353e6ab76850688fe1394a') in 0.008127 seconds
  Import took 0.009750 seconds .

========================================================================
Received Import Request.
  Time since last request: 6.370900 seconds.
  path: Assets/Resources/Scene/shop.unity
  artifactKey: Guid(6403f314b5f913d4ba7c1b2c8c4b307b) Importer(815301076,1909f56bfc062723c751e8b465ee728b)
Start importing Assets/Resources/Scene/shop.unity using Guid(6403f314b5f913d4ba7c1b2c8c4b307b) Importer(815301076,1909f56bfc062723c751e8b465ee728b)  -> (artifact id: '2d997b5c49d8b81eea6d16c1acb9eb41') in 0.008894 seconds
  Import took 0.010545 seconds .

========================================================================
Received Import Request.
  Time since last request: 10.169390 seconds.
  path: Assets/Resources/Scene/testLevel.unity
  artifactKey: Guid(229e9ba0284b52846a78db430cc332ea) Importer(815301076,1909f56bfc062723c751e8b465ee728b)
Start importing Assets/Resources/Scene/testLevel.unity using Guid(229e9ba0284b52846a78db430cc332ea) Importer(815301076,1909f56bfc062723c751e8b465ee728b)  -> (artifact id: 'cd1cf7fd8b9acbec2f5d57a6fa1803b6') in 0.008469 seconds
  Import took 0.010115 seconds .

========================================================================
Received Import Request.
  Time since last request: 8.357616 seconds.
  path: Assets/Resources/Scene/level1.unity
  artifactKey: Guid(8b39371cef2d1aa49b9070e91f58df16) Importer(815301076,1909f56bfc062723c751e8b465ee728b)
Start importing Assets/Resources/Scene/level1.unity using Guid(8b39371cef2d1aa49b9070e91f58df16) Importer(815301076,1909f56bfc062723c751e8b465ee728b)  -> (artifact id: 'd21749353264dcaa438d6b4a0e4da226') in 0.008289 seconds
  Import took 0.009944 seconds .

========================================================================
Received Import Request.
  Time since last request: 9.525521 seconds.
  path: Assets/Resources/Scene/level2.unity
  artifactKey: Guid(7636d7bfc24466e4f8ea83e22c034486) Importer(815301076,1909f56bfc062723c751e8b465ee728b)
Start importing Assets/Resources/Scene/level2.unity using Guid(7636d7bfc24466e4f8ea83e22c034486) Importer(815301076,1909f56bfc062723c751e8b465ee728b)  -> (artifact id: 'e85ff3e23eb404d6ff3f4b999104d057') in 0.008662 seconds
  Import took 0.010397 seconds .

========================================================================
Received Import Request.
  Time since last request: 12.253253 seconds.
  path: Assets/Resources/Scene/level3.unity
  artifactKey: Guid(88c3eccf550a4ec40a1eb4a58dffcbce) Importer(815301076,1909f56bfc062723c751e8b465ee728b)
Start importing Assets/Resources/Scene/level3.unity using Guid(88c3eccf550a4ec40a1eb4a58dffcbce) Importer(815301076,1909f56bfc062723c751e8b465ee728b)  -> (artifact id: 'b7b20c63a377fced132739ac5e76a3b9') in 0.009419 seconds
  Import took 0.011110 seconds .

========================================================================
Received Import Request.
  Time since last request: 0.000482 seconds.
  path: Assets/Resources/Scene/level3.unity
  artifactKey: Guid(88c3eccf550a4ec40a1eb4a58dffcbce) Importer(815301076,1909f56bfc062723c751e8b465ee728b)
Start importing Assets/Resources/Scene/level3.unity using Guid(88c3eccf550a4ec40a1eb4a58dffcbce) Importer(815301076,1909f56bfc062723c751e8b465ee728b)  -> (artifact id: 'b7b20c63a377fced132739ac5e76a3b9') in 0.006693 seconds
  Import took 0.008016 seconds .

========================================================================
Received Import Request.
  Time since last request: 10.658460 seconds.
  path: Assets/Resources/Scene/gameOver.unity
  artifactKey: Guid(fb337a27eaf733d44be1dbe6d9eecef7) Importer(815301076,1909f56bfc062723c751e8b465ee728b)
Start importing Assets/Resources/Scene/gameOver.unity using Guid(fb337a27eaf733d44be1dbe6d9eecef7) Importer(815301076,1909f56bfc062723c751e8b465ee728b)  -> (artifact id: '8fbf72709c8a1e46241951b2bbf8a90c') in 0.008349 seconds
  Import took 0.010059 seconds .

========================================================================
Received Prepare
Registering precompiled user dll's ...
Registered in 0.000492 seconds.
Begin MonoManager ReloadAssembly
Native extension for WindowsStandalone target not found
Native extension for WebGL target not found
Refreshing native plugins compatible for Editor in 0.19 ms, found 0 plugins.
Preloading 0 native plugins for Editor in 0.00 ms.
Invoked RoslynAnalysisRunner static constructor.
RoslynAnalysisRunner will not be running.
RoslynAnalysisRunner has terminated.
Mono: successfully reloaded assembly
- Completed reload, in  0.578 seconds
Platform modules already initialized, skipping
Refreshing native plugins compatible for Editor in 0.17 ms, found 0 plugins.
Preloading 0 native plugins for Editor in 0.00 ms.
Unloading 1102 Unused Serialized files (Serialized files now loaded: 0)
System memory in use before: 57.6 MB.
System memory in use after: 57.7 MB.

Unloading 4 unused Assets to reduce memory usage. Loaded Objects now: 1559.
Total: 1.469100 ms (FindLiveObjects: 0.127800 ms CreateObjectMapping: 0.026900 ms MarkObjects: 1.301000 ms  DeleteObjects: 0.012600 ms)

========================================================================
Received Prepare
Registering precompiled user dll's ...
Registered in 0.000500 seconds.
Begin MonoManager ReloadAssembly
Native extension for WindowsStandalone target not found
Native extension for WebGL target not found
Refreshing native plugins compatible for Editor in 0.18 ms, found 0 plugins.
Preloading 0 native plugins for Editor in 0.00 ms.
Invoked RoslynAnalysisRunner static constructor.
RoslynAnalysisRunner will not be running.
RoslynAnalysisRunner has terminated.
Mono: successfully reloaded assembly
- Completed reload, in  0.586 seconds
Platform modules already initialized, skipping
Refreshing native plugins compatible for Editor in 0.18 ms, found 0 plugins.
Preloading 0 native plugins for Editor in 0.00 ms.
Unloading 1102 Unused Serialized files (Serialized files now loaded: 0)
System memory in use before: 57.8 MB.
System memory in use after: 57.9 MB.

Unloading 4 unused Assets to reduce memory usage. Loaded Objects now: 1561.
Total: 1.350300 ms (FindLiveObjects: 0.114600 ms CreateObjectMapping: 0.028100 ms MarkObjects: 1.197400 ms  DeleteObjects: 0.009500 ms)

========================================================================
Received Import Request.
  Time since last request: 5033.208782 seconds.
  path: Assets/Resources/Script/ScriptableObject
  artifactKey: Guid(9b7d71c08a197f04c95079c4203de3d8) Importer(815301076,1909f56bfc062723c751e8b465ee728b)
Start importing Assets/Resources/Script/ScriptableObject using Guid(9b7d71c08a197f04c95079c4203de3d8) Importer(815301076,1909f56bfc062723c751e8b465ee728b)  -> (artifact id: 'fa12074d7c45d783615f3becbe79e08b') in 0.026807 seconds
  Import took 0.028473 seconds .

========================================================================
Received Import Request.
  Time since last request: 0.032151 seconds.
  path: Assets/Resources/Script/ScriptableObject/BasicWaveEnemy.asset
  artifactKey: Guid(31c3a8e2be7bef44f948d5e4972e3e0d) Importer(815301076,1909f56bfc062723c751e8b465ee728b)
Start importing Assets/Resources/Script/ScriptableObject/BasicWaveEnemy.asset using Guid(31c3a8e2be7bef44f948d5e4972e3e0d) Importer(815301076,1909f56bfc062723c751e8b465ee728b)  -> (artifact id: '745ab6ad4ce8d461af4993fa2208f1e6') in 0.316193 seconds
  Import took 0.336868 seconds .

========================================================================
Received Import Request.
  Time since last request: 0.021680 seconds.
  path: Assets/Resources/Script/ScriptableObject/Player_Default.asset
  artifactKey: Guid(80ac54b077b97704c87b6a8120dfefd8) Importer(815301076,1909f56bfc062723c751e8b465ee728b)
Start importing Assets/Resources/Script/ScriptableObject/Player_Default.asset using Guid(80ac54b077b97704c87b6a8120dfefd8) Importer(815301076,1909f56bfc062723c751e8b465ee728b)  -> (artifact id: '9a6f280301e2324d5be8513106f5a56b') in 0.011123 seconds
  Import took 0.012926 seconds .

========================================================================
Received Import Request.
  Time since last request: 0.000137 seconds.
  path: Assets/Resources/Script/ScriptableObject/PlayerBullet.asset
  artifactKey: Guid(ee835514a615b424c866dbcff93017fa) Importer(815301076,1909f56bfc062723c751e8b465ee728b)
Start importing Assets/Resources/Script/ScriptableObject/PlayerBullet.asset using Guid(ee835514a615b424c866dbcff93017fa) Importer(815301076,1909f56bfc062723c751e8b465ee728b)  -> (artifact id: '234c9c2ea45379b680e9a302f94d71ed') in 0.008667 seconds
  Import took 0.010798 seconds .

========================================================================
Received Prepare
Registering precompiled user dll's ...
Registered in 0.000500 seconds.
Begin MonoManager ReloadAssembly
Native extension for WindowsStandalone target not found
Native extension for WebGL target not found
Refreshing native plugins compatible for Editor in 0.19 ms, found 0 plugins.
Preloading 0 native plugins for Editor in 0.00 ms.
Invoked RoslynAnalysisRunner static constructor.
RoslynAnalysisRunner will not be running.
RoslynAnalysisRunner has terminated.
Mono: successfully reloaded assembly
- Completed reload, in  0.575 seconds
Platform modules already initialized, skipping
Refreshing native plugins compatible for Editor in 0.16 ms, found 0 plugins.
Preloading 0 native plugins for Editor in 0.00 ms.
Unloading 1102 Unused Serialized files (Serialized files now loaded: 0)
System memory in use before: 58.0 MB.
System memory in use after: 58.1 MB.

Unloading 4 unused Assets to reduce memory usage. Loaded Objects now: 1564.
Total: 1.617200 ms (FindLiveObjects: 0.137100 ms CreateObjectMapping: 0.029100 ms MarkObjects: 1.437600 ms  DeleteObjects: 0.012600 ms)

========================================================================
Received Import Request.
  Time since last request: 186.852207 seconds.
  path: Assets/Resources/Script/ScoreManager.cs
  artifactKey: Guid(ecb25f7deec0d964f9a512b3265393dc) Importer(815301076,1909f56bfc062723c751e8b465ee728b)
Start importing Assets/Resources/Script/ScoreManager.cs using Guid(ecb25f7deec0d964f9a512b3265393dc) Importer(815301076,1909f56bfc062723c751e8b465ee728b)  -> (artifact id: '55f580887782ac3b82946ad6a3e6bdce') in 0.009460 seconds
  Import took 0.011128 seconds .

========================================================================
Received Prepare
Registering precompiled user dll's ...
Registered in 0.000389 seconds.
Begin MonoManager ReloadAssembly
Native extension for WindowsStandalone target not found
Native extension for WebGL target not found
Refreshing native plugins compatible for Editor in 0.18 ms, found 0 plugins.
Preloading 0 native plugins for Editor in 0.00 ms.
Invoked RoslynAnalysisRunner static constructor.
RoslynAnalysisRunner will not be running.
RoslynAnalysisRunner has terminated.
Mono: successfully reloaded assembly
- Completed reload, in  0.567 seconds
Platform modules already initialized, skipping
Refreshing native plugins compatible for Editor in 0.17 ms, found 0 plugins.
Preloading 0 native plugins for Editor in 0.00 ms.
Unloading 1103 Unused Serialized files (Serialized files now loaded: 0)
System memory in use before: 58.2 MB.
System memory in use after: 58.3 MB.

Unloading 4 unused Assets to reduce memory usage. Loaded Objects now: 1567.
Total: 1.303400 ms (FindLiveObjects: 0.145700 ms CreateObjectMapping: 0.027600 ms MarkObjects: 1.121200 ms  DeleteObjects: 0.008100 ms)

========================================================================
Received Prepare
Registering precompiled user dll's ...
Registered in 0.000527 seconds.
Begin MonoManager ReloadAssembly
Native extension for WindowsStandalone target not found
Native extension for WebGL target not found
Refreshing native plugins compatible for Editor in 0.20 ms, found 0 plugins.
Preloading 0 native plugins for Editor in 0.00 ms.
Invoked RoslynAnalysisRunner static constructor.
RoslynAnalysisRunner will not be running.
RoslynAnalysisRunner has terminated.
Mono: successfully reloaded assembly
- Completed reload, in  0.579 seconds
Platform modules already initialized, skipping
Refreshing native plugins compatible for Editor in 0.19 ms, found 0 plugins.
Preloading 0 native plugins for Editor in 0.00 ms.
Unloading 1103 Unused Serialized files (Serialized files now loaded: 0)
System memory in use before: 58.4 MB.
System memory in use after: 58.5 MB.

Unloading 4 unused Assets to reduce memory usage. Loaded Objects now: 1569.
Total: 1.345400 ms (FindLiveObjects: 0.140300 ms CreateObjectMapping: 0.025800 ms MarkObjects: 1.163000 ms  DeleteObjects: 0.015500 ms)

========================================================================
Received Import Request.
  Time since last request: 24866.301242 seconds.
  path: Assets/Resources/Script/ScoreManager.cs
  artifactKey: Guid(ecb25f7deec0d964f9a512b3265393dc) Importer(815301076,1909f56bfc062723c751e8b465ee728b)
Start importing Assets/Resources/Script/ScoreManager.cs using Guid(ecb25f7deec0d964f9a512b3265393dc) Importer(815301076,1909f56bfc062723c751e8b465ee728b)  -> (artifact id: 'b827d7debd46cc93632e835411fa0521') in 0.010209 seconds
  Import took 0.011792 seconds .

